

Processing ApplicationController#index (for 127.0.0.1 at 2009-07-20 20:49:23) [GET]

ActionController::RoutingError (No route matches "/js/jquery-1.3.2.js" with {:method=>:get}):
  

Rendering rescues/layout (not_found)


Processing ApplicationController#index (for 127.0.0.1 at 2009-07-20 20:49:23) [GET]

ActionController::RoutingError (No route matches "/js/jinx.js" with {:method=>:get}):
  

Rendering rescues/layout (not_found)


Processing ApplicationController#index (for 127.0.0.1 at 2009-07-20 20:49:23) [GET]

ActionController::RoutingError (No route matches "/js/view.js" with {:method=>:get}):
  

Rendering rescues/layout (not_found)


Processing ApplicationController#index (for 127.0.0.1 at 2009-07-20 20:49:24) [GET]

ActionController::RoutingError (No route matches "/js/controller.js" with {:method=>:get}):
  

Rendering rescues/layout (not_found)


Processing ApplicationController#index (for 127.0.0.1 at 2009-07-20 20:50:28) [GET]

ActionController::RoutingError (No route matches "/js/jquery-1.3.2.js" with {:method=>:get}):
  

Rendering rescues/layout (not_found)


Processing ApplicationController#index (for 127.0.0.1 at 2009-07-20 20:56:58) [GET]

ActionController::RoutingError (No route matches "/todo" with {:method=>:get}):
  

Rendering rescues/layout (not_found)


Processing TodosController#index (for 127.0.0.1 at 2009-07-20 20:57:05) [GET]
  [4;36;1mTodo Load (0.0ms)[0m   [0;1mSQLite3::SQLException: no such table: todos: SELECT * FROM "todos" [0m

ActiveRecord::StatementInvalid (SQLite3::SQLException: no such table: todos: SELECT * FROM "todos" ):
  app/controllers/todos_controller.rb:5:in `index'

Rendered rescues/_trace (43.0ms)
Rendered rescues/_request_and_response (1.3ms)
Rendering rescues/layout (internal_server_error)
  [4;36;1mSQL (0.3ms)[0m   [0;1m SELECT name
 FROM sqlite_master
 WHERE type = 'table' AND NOT name = 'sqlite_sequence'
[0m
  [4;35;1mSQL (0.2ms)[0m   [0mselect sqlite_version(*)[0m
  [4;36;1mSQL (277.9ms)[0m   [0;1mCREATE TABLE "schema_migrations" ("version" varchar(255) NOT NULL) [0m
  [4;35;1mSQL (4.6ms)[0m   [0mCREATE UNIQUE INDEX "unique_schema_migrations" ON "schema_migrations" ("version")[0m
  [4;36;1mSQL (0.2ms)[0m   [0;1m SELECT name
 FROM sqlite_master
 WHERE type = 'table' AND NOT name = 'sqlite_sequence'
[0m
  [4;35;1mSQL (0.1ms)[0m   [0mSELECT version FROM schema_migrations[0m
Migrating to CreateTodos (20090720152648)
  [4;36;1mSQL (0.5ms)[0m   [0;1mCREATE TABLE "todos" ("id" INTEGER PRIMARY KEY AUTOINCREMENT NOT NULL, "title" varchar(255), "description" varchar(255), "created_at" datetime, "updated_at" datetime) [0m
  [4;35;1mSQL (0.1ms)[0m   [0mINSERT INTO schema_migrations (version) VALUES ('20090720152648')[0m
  [4;36;1mSQL (0.3ms)[0m   [0;1m SELECT name
 FROM sqlite_master
 WHERE type = 'table' AND NOT name = 'sqlite_sequence'
[0m
  [4;35;1mSQL (0.1ms)[0m   [0mSELECT version FROM schema_migrations[0m
  [4;36;1mSQL (0.2ms)[0m   [0;1m SELECT name
 FROM sqlite_master
 WHERE type = 'table' AND NOT name = 'sqlite_sequence'
[0m
  [4;35;1mSQL (0.1ms)[0m   [0mPRAGMA index_list("todos")[0m


Processing TodosController#index (for 127.0.0.1 at 2009-07-20 20:57:29) [GET]
  [4;35;1mTodo Load (0.4ms)[0m   [0mSELECT * FROM "todos" [0m
Rendering template within layouts/todos
Rendering todos/index
Completed in 33ms (View: 26, DB: 0) | 200 OK [http://localhost/todos]


Processing TodosController#new (for 127.0.0.1 at 2009-07-20 20:57:36) [GET]
Rendering template within layouts/todos
Rendering todos/new
Completed in 12ms (View: 6, DB: 0) | 200 OK [http://localhost/todos/new]


Processing TodosController#create (for 127.0.0.1 at 2009-07-20 20:57:50) [POST]
  Parameters: {"commit"=>"Create", "authenticity_token"=>"oWb2xm6ruUqIm0C4yNZNENATzPRheJq7OrKr69VmRhQ=", "todo"=>{"title"=>"move flash to controller", "description"=>""}}
  [4;36;1mTodo Create (0.3ms)[0m   [0;1mINSERT INTO "todos" ("created_at", "title", "updated_at", "description") VALUES('2009-07-20 15:27:50', 'move flash to controller', '2009-07-20 15:27:50', '')[0m
Redirected to http://localhost:3000/todos/1
Completed in 1150ms (DB: 0) | 302 Found [http://localhost/todos]


Processing TodosController#show (for 127.0.0.1 at 2009-07-20 20:57:51) [GET]
  Parameters: {"id"=>"1"}
  [4;35;1mTodo Load (0.4ms)[0m   [0mSELECT * FROM "todos" WHERE ("todos"."id" = 1) [0m
Rendering template within layouts/todos
Rendering todos/show
Completed in 21ms (View: 7, DB: 0) | 200 OK [http://localhost/todos/1]


Processing TodosController#index (for 127.0.0.1 at 2009-07-20 20:57:53) [GET]
  [4;36;1mTodo Load (0.5ms)[0m   [0;1mSELECT * FROM "todos" [0m
Rendering template within layouts/todos
Rendering todos/index
Completed in 10ms (View: 5, DB: 0) | 200 OK [http://localhost/todos]


Processing TodosController#new (for 127.0.0.1 at 2009-07-20 20:57:55) [GET]
Rendering template within layouts/todos
Rendering todos/new
Completed in 10ms (View: 4, DB: 0) | 200 OK [http://localhost/todos/new]


Processing TodosController#create (for 127.0.0.1 at 2009-07-20 20:58:59) [POST]
  Parameters: {"commit"=>"Create", "authenticity_token"=>"oWb2xm6ruUqIm0C4yNZNENATzPRheJq7OrKr69VmRhQ=", "todo"=>{"title"=>"make restful server calls from model", "description"=>""}}
  [4;35;1mTodo Create (0.2ms)[0m   [0mINSERT INTO "todos" ("created_at", "title", "updated_at", "description") VALUES('2009-07-20 15:28:59', 'make restful server calls from model', '2009-07-20 15:28:59', '')[0m
Redirected to http://localhost:3000/todos/2
Completed in 14ms (DB: 0) | 302 Found [http://localhost/todos]


Processing TodosController#show (for 127.0.0.1 at 2009-07-20 20:58:59) [GET]
  Parameters: {"id"=>"2"}
  [4;36;1mTodo Load (0.7ms)[0m   [0;1mSELECT * FROM "todos" WHERE ("todos"."id" = 2) [0m
Rendering template within layouts/todos
Rendering todos/show
Completed in 24ms (View: 6, DB: 1) | 200 OK [http://localhost/todos/2]


Processing TodosController#index (for 127.0.0.1 at 2009-07-20 20:59:01) [GET]
  [4;35;1mTodo Load (1.6ms)[0m   [0mSELECT * FROM "todos" [0m
Rendering template within layouts/todos
Rendering todos/index
Completed in 29ms (View: 13, DB: 2) | 200 OK [http://localhost/todos]


Processing TodosController#new (for 127.0.0.1 at 2009-07-20 20:59:02) [GET]
Rendering template within layouts/todos
Rendering todos/new
Completed in 9ms (View: 3, DB: 0) | 200 OK [http://localhost/todos/new]


Processing TodosController#create (for 127.0.0.1 at 2009-07-20 20:59:14) [POST]
  Parameters: {"commit"=>"Create", "authenticity_token"=>"oWb2xm6ruUqIm0C4yNZNENATzPRheJq7OrKr69VmRhQ=", "todo"=>{"title"=>"create sample rails app", "description"=>""}}
  [4;36;1mTodo Create (0.6ms)[0m   [0;1mINSERT INTO "todos" ("created_at", "title", "updated_at", "description") VALUES('2009-07-20 15:29:14', 'create sample rails app', '2009-07-20 15:29:14', '')[0m
Redirected to http://localhost:3000/todos/3
Completed in 38ms (DB: 1) | 302 Found [http://localhost/todos]


Processing TodosController#show (for 127.0.0.1 at 2009-07-20 20:59:14) [GET]
  Parameters: {"id"=>"3"}
  [4;35;1mTodo Load (0.7ms)[0m   [0mSELECT * FROM "todos" WHERE ("todos"."id" = 3) [0m
Rendering template within layouts/todos
Rendering todos/show
Completed in 23ms (View: 6, DB: 1) | 200 OK [http://localhost/todos/3]


Processing TodosController#show to json (for 127.0.0.1 at 2009-07-20 20:59:22) [GET]
  Parameters: {"id"=>"index"}
  [4;36;1mTodo Load (0.4ms)[0m   [0;1mSELECT * FROM "todos" WHERE ("todos"."id" = 0) [0m

ActiveRecord::RecordNotFound (Couldn't find Todo with ID=index):
  app/controllers/todos_controller.rb:16:in `show'

Rendered rescues/_trace (36.0ms)
Rendered rescues/_request_and_response (0.3ms)
Rendering rescues/layout (not_found)


Processing TodosController#show to json (for 127.0.0.1 at 2009-07-20 21:00:09) [GET]
  Parameters: {"id"=>"index"}
  [4;35;1mTodo Load (0.4ms)[0m   [0mSELECT * FROM "todos" WHERE ("todos"."id" = 0) [0m

ActiveRecord::RecordNotFound (Couldn't find Todo with ID=index):
  app/controllers/todos_controller.rb:16:in `show'

Rendered rescues/_trace (76.3ms)
Rendered rescues/_request_and_response (0.3ms)
Rendering rescues/layout (not_found)


Processing TodosController#index to json (for 127.0.0.1 at 2009-07-20 21:00:20) [GET]
  [4;36;1mTodo Load (1.6ms)[0m   [0;1mSELECT * FROM "todos" [0m
Completed in 260ms (View: 1, DB: 2) | 200 OK [http://localhost/todos.json]


Processing TodosController#show to json (for 127.0.0.1 at 2009-07-20 21:04:53) [GET]
  Parameters: {"id"=>"1"}
  [4;35;1mTodo Load (0.7ms)[0m   [0mSELECT * FROM "todos" WHERE ("todos"."id" = 1) [0m
Completed in 22ms (View: 1, DB: 1) | 200 OK [http://localhost/todos/1.json]


Processing ApplicationController#index (for 127.0.0.1 at 2009-07-20 21:26:03) [GET]

ActionController::RoutingError (No route matches "/javascripts/todo.js" with {:method=>:get}):
  

Rendering rescues/layout (not_found)


Processing ApplicationController#index (for 127.0.0.1 at 2009-07-20 21:27:31) [GET]

ActionController::RoutingError (No route matches "/javascripts/todo.js" with {:method=>:get}):
  

Rendering rescues/layout (not_found)


Processing ApplicationController#index (for 127.0.0.1 at 2009-07-20 21:28:42) [GET]

ActionController::RoutingError (No route matches "/javascripts/todo.js" with {:method=>:get}):
  

Rendering rescues/layout (not_found)


Processing ApplicationController#index (for 127.0.0.1 at 2009-07-20 21:29:12) [GET]

ActionController::RoutingError (No route matches "/javascripts/todo.js" with {:method=>:get}):
  

Rendering rescues/layout (not_found)


Processing ApplicationController#index (for 127.0.0.1 at 2009-07-20 21:29:17) [GET]

ActionController::RoutingError (No route matches "/javascripts/todo.js" with {:method=>:get}):
  

Rendering rescues/layout (not_found)


Processing ApplicationController#index (for 127.0.0.1 at 2009-07-20 21:29:22) [GET]

ActionController::RoutingError (No route matches "/javascripts/todo.js" with {:method=>:get}):
  

Rendering rescues/layout (not_found)


Processing ApplicationController#index (for 127.0.0.1 at 2009-07-20 21:32:15) [GET]

ActionController::RoutingError (No route matches "/javascripts/jinx/jquery.rest.js" with {:method=>:get}):
  

Rendering rescues/layout (not_found)


Processing ApplicationController#index (for 127.0.0.1 at 2009-07-20 21:32:37) [GET]

ActionController::RoutingError (No route matches "/javascripts/jinx/jquery.rest.js" with {:method=>:get}):
  

Rendering rescues/layout (not_found)


Processing TodosController#create (for 127.0.0.1 at 2009-07-20 21:34:55) [POST]
  [4;36;1mTodo Create (0.3ms)[0m   [0;1mINSERT INTO "todos" ("created_at", "title", "updated_at", "description") VALUES('2009-07-20 16:04:55', NULL, '2009-07-20 16:04:55', NULL)[0m
Redirected to http://localhost:3000/todos/4
Completed in 112ms (DB: 0) | 302 Found [http://localhost/todos]


Processing TodosController#show (for 127.0.0.1 at 2009-07-20 21:34:55) [GET]
  Parameters: {"id"=>"4"}
  [4;35;1mTodo Load (0.2ms)[0m   [0mSELECT * FROM "todos" WHERE ("todos"."id" = 4) [0m
Rendering template within layouts/todos
Rendering todos/show
Completed in 16ms (View: 9, DB: 0) | 200 OK [http://localhost/todos/4]


Processing TodosController#index (for 127.0.0.1 at 2009-07-20 21:35:20) [GET]
  [4;36;1mTodo Load (0.7ms)[0m   [0;1mSELECT * FROM "todos" [0m
Rendering template within layouts/todos
Rendering todos/index
Completed in 15ms (View: 9, DB: 1) | 200 OK [http://localhost/todos]


Processing TodosController#create (for 127.0.0.1 at 2009-07-20 21:38:41) [POST]
  [4;35;1mTodo Create (0.6ms)[0m   [0mINSERT INTO "todos" ("created_at", "title", "updated_at", "description") VALUES('2009-07-20 16:08:41', NULL, '2009-07-20 16:08:41', NULL)[0m
Redirected to http://localhost:3000/todos/5
Completed in 35ms (DB: 1) | 302 Found [http://localhost/todos]


Processing TodosController#show (for 127.0.0.1 at 2009-07-20 21:38:41) [GET]
  Parameters: {"id"=>"5"}
  [4;36;1mTodo Load (0.2ms)[0m   [0;1mSELECT * FROM "todos" WHERE ("todos"."id" = 5) [0m
Rendering template within layouts/todos
Rendering todos/show
Completed in 9ms (View: 2, DB: 0) | 200 OK [http://localhost/todos/5]


Processing TodosController#index (for 127.0.0.1 at 2009-07-20 21:38:56) [GET]
  [4;35;1mTodo Load (2.0ms)[0m   [0mSELECT * FROM "todos" [0m
Rendering template within layouts/todos
Rendering todos/index
Completed in 38ms (View: 21, DB: 2) | 200 OK [http://localhost/todos]


Processing TodosController#new (for 127.0.0.1 at 2009-07-20 21:40:21) [GET]
Rendering template within layouts/todos
Rendering todos/new
Completed in 21ms (View: 6, DB: 0) | 200 OK [http://localhost/todos/new]


Processing TodosController#create (for 127.0.0.1 at 2009-07-20 21:53:52) [POST]
  [4;36;1mTodo Create (0.2ms)[0m   [0;1mINSERT INTO "todos" ("created_at", "title", "updated_at", "description") VALUES('2009-07-20 16:23:52', NULL, '2009-07-20 16:23:52', NULL)[0m
Redirected to http://localhost:3000/todos/6
Completed in 21ms (DB: 0) | 302 Found [http://localhost/todos]


Processing TodosController#show (for 127.0.0.1 at 2009-07-20 21:53:52) [GET]
  Parameters: {"id"=>"6"}
  [4;35;1mTodo Load (0.2ms)[0m   [0mSELECT * FROM "todos" WHERE ("todos"."id" = 6) [0m
Rendering template within layouts/todos
Rendering todos/show
Completed in 9ms (View: 2, DB: 0) | 200 OK [http://localhost/todos/6]


Processing TodosController#create (for 127.0.0.1 at 2009-07-20 22:03:41) [POST]
  [4;36;1mTodo Create (0.6ms)[0m   [0;1mINSERT INTO "todos" ("created_at", "title", "updated_at", "description") VALUES('2009-07-20 16:33:41', NULL, '2009-07-20 16:33:41', NULL)[0m
Redirected to http://localhost:3000/todos/7
Completed in 34ms (DB: 1) | 302 Found [http://localhost/todos]


Processing TodosController#show (for 127.0.0.1 at 2009-07-20 22:03:42) [GET]
  Parameters: {"id"=>"7"}
  [4;35;1mTodo Load (0.6ms)[0m   [0mSELECT * FROM "todos" WHERE ("todos"."id" = 7) [0m
Rendering template within layouts/todos
Rendering todos/show
Completed in 24ms (View: 6, DB: 1) | 200 OK [http://localhost/todos/7]


Processing TodosController#create (for 127.0.0.1 at 2009-07-20 22:05:17) [POST]
  [4;36;1mTodo Create (0.6ms)[0m   [0;1mINSERT INTO "todos" ("created_at", "title", "updated_at", "description") VALUES('2009-07-20 16:35:17', NULL, '2009-07-20 16:35:17', NULL)[0m
Redirected to http://localhost:3000/todos/8
Completed in 41ms (DB: 1) | 302 Found [http://localhost/todos]


Processing TodosController#show (for 127.0.0.1 at 2009-07-20 22:05:18) [GET]
  Parameters: {"id"=>"8"}
  [4;35;1mTodo Load (0.6ms)[0m   [0mSELECT * FROM "todos" WHERE ("todos"."id" = 8) [0m
Rendering template within layouts/todos
Rendering todos/show
Completed in 23ms (View: 6, DB: 1) | 200 OK [http://localhost/todos/8]


Processing TodosController#create (for 127.0.0.1 at 2009-07-20 22:07:45) [POST]
  Parameters: {"todo"=>{"title"=>"abc"}}

ActionController::InvalidAuthenticityToken (ActionController::InvalidAuthenticityToken):
  

Rendered rescues/_trace (118.5ms)
Rendered rescues/_request_and_response (1.4ms)
Rendering rescues/layout (unprocessable_entity)


Processing TodosController#new (for 127.0.0.1 at 2009-07-20 22:09:21) [GET]
Rendering template within layouts/todos
Rendering todos/new
Completed in 22ms (View: 5, DB: 0) | 200 OK [http://localhost/todos/new]


Processing TodosController#create (for 127.0.0.1 at 2009-07-20 22:11:00) [POST]
  Parameters: {"todo"=>{"title"=>"damn"}}
  [4;36;1mTodo Create (0.6ms)[0m   [0;1mINSERT INTO "todos" ("created_at", "title", "updated_at", "description") VALUES('2009-07-20 16:41:00', 'damn', '2009-07-20 16:41:00', NULL)[0m
Redirected to http://localhost:3000/todos/9
Completed in 32ms (DB: 1) | 302 Found [http://localhost/todos]


Processing TodosController#show (for 127.0.0.1 at 2009-07-20 22:11:00) [GET]
  Parameters: {"id"=>"9"}
  [4;35;1mTodo Load (0.2ms)[0m   [0mSELECT * FROM "todos" WHERE ("todos"."id" = 9) [0m
Rendering template within layouts/todos
Rendering todos/show
Completed in 11ms (View: 2, DB: 0) | 200 OK [http://localhost/todos/9]


Processing TodosController#create to json (for 127.0.0.1 at 2009-07-20 22:12:42) [POST]
  Parameters: {"todo"=>{"title"=>"goddamn"}}
  [4;36;1mTodo Create (0.2ms)[0m   [0;1mINSERT INTO "todos" ("created_at", "title", "updated_at", "description") VALUES('2009-07-20 16:42:42', 'goddamn', '2009-07-20 16:42:42', NULL)[0m
Completed in 25ms (View: 0, DB: 0) | 201 Created [http://localhost/todos.json]


Processing TodosController#index (for 127.0.0.1 at 2009-07-20 22:12:54) [GET]
  [4;35;1mTodo Load (1.0ms)[0m   [0mSELECT * FROM "todos" [0m
Rendering template within layouts/todos
Rendering todos/index
Completed in 17ms (View: 11, DB: 1) | 200 OK [http://localhost/todos]


Processing TodosController#destroy (for 127.0.0.1 at 2009-07-20 22:12:58) [DELETE]
  Parameters: {"authenticity_token"=>"oWb2xm6ruUqIm0C4yNZNENATzPRheJq7OrKr69VmRhQ=", "id"=>"4"}
  [4;36;1mTodo Load (0.2ms)[0m   [0;1mSELECT * FROM "todos" WHERE ("todos"."id" = 4) [0m
  [4;35;1mTodo Destroy (0.2ms)[0m   [0mDELETE FROM "todos" WHERE "id" = 4[0m
Redirected to http://localhost:3000/todos
Completed in 20ms (DB: 0) | 302 Found [http://localhost/todos/4]


Processing TodosController#index (for 127.0.0.1 at 2009-07-20 22:12:58) [GET]
  [4;36;1mTodo Load (1.1ms)[0m   [0;1mSELECT * FROM "todos" [0m
Rendering template within layouts/todos
Rendering todos/index
Completed in 68ms (View: 62, DB: 1) | 200 OK [http://localhost/todos]


Processing TodosController#destroy (for 127.0.0.1 at 2009-07-20 22:13:01) [DELETE]
  Parameters: {"authenticity_token"=>"oWb2xm6ruUqIm0C4yNZNENATzPRheJq7OrKr69VmRhQ=", "id"=>"5"}
  [4;35;1mTodo Load (0.3ms)[0m   [0mSELECT * FROM "todos" WHERE ("todos"."id" = 5) [0m
  [4;36;1mTodo Destroy (0.2ms)[0m   [0;1mDELETE FROM "todos" WHERE "id" = 5[0m
Redirected to http://localhost:3000/todos
Completed in 16ms (DB: 0) | 302 Found [http://localhost/todos/5]


Processing TodosController#index (for 127.0.0.1 at 2009-07-20 22:13:01) [GET]
  [4;35;1mTodo Load (1.1ms)[0m   [0mSELECT * FROM "todos" [0m
Rendering template within layouts/todos
Rendering todos/index
Completed in 17ms (View: 10, DB: 1) | 200 OK [http://localhost/todos]


Processing TodosController#destroy (for 127.0.0.1 at 2009-07-20 22:13:02) [DELETE]
  Parameters: {"authenticity_token"=>"oWb2xm6ruUqIm0C4yNZNENATzPRheJq7OrKr69VmRhQ=", "id"=>"6"}
  [4;36;1mTodo Load (0.3ms)[0m   [0;1mSELECT * FROM "todos" WHERE ("todos"."id" = 6) [0m
  [4;35;1mTodo Destroy (0.2ms)[0m   [0mDELETE FROM "todos" WHERE "id" = 6[0m
Redirected to http://localhost:3000/todos
Completed in 20ms (DB: 0) | 302 Found [http://localhost/todos/6]


Processing TodosController#index (for 127.0.0.1 at 2009-07-20 22:13:02) [GET]
  [4;36;1mTodo Load (1.0ms)[0m   [0;1mSELECT * FROM "todos" [0m
Rendering template within layouts/todos
Rendering todos/index
Completed in 16ms (View: 9, DB: 1) | 200 OK [http://localhost/todos]


Processing TodosController#destroy (for 127.0.0.1 at 2009-07-20 22:13:03) [DELETE]
  Parameters: {"authenticity_token"=>"oWb2xm6ruUqIm0C4yNZNENATzPRheJq7OrKr69VmRhQ=", "id"=>"7"}
  [4;35;1mTodo Load (1.2ms)[0m   [0mSELECT * FROM "todos" WHERE ("todos"."id" = 7) [0m
  [4;36;1mTodo Destroy (0.2ms)[0m   [0;1mDELETE FROM "todos" WHERE "id" = 7[0m
Redirected to http://localhost:3000/todos
Completed in 21ms (DB: 1) | 302 Found [http://localhost/todos/7]


Processing TodosController#index (for 127.0.0.1 at 2009-07-20 22:13:03) [GET]
  [4;35;1mTodo Load (0.9ms)[0m   [0mSELECT * FROM "todos" [0m
Rendering template within layouts/todos
Rendering todos/index
Completed in 18ms (View: 11, DB: 1) | 200 OK [http://localhost/todos]


Processing TodosController#destroy (for 127.0.0.1 at 2009-07-20 22:13:04) [DELETE]
  Parameters: {"authenticity_token"=>"oWb2xm6ruUqIm0C4yNZNENATzPRheJq7OrKr69VmRhQ=", "id"=>"8"}
  [4;36;1mTodo Load (0.2ms)[0m   [0;1mSELECT * FROM "todos" WHERE ("todos"."id" = 8) [0m
  [4;35;1mTodo Destroy (0.2ms)[0m   [0mDELETE FROM "todos" WHERE "id" = 8[0m
Redirected to http://localhost:3000/todos
Completed in 10ms (DB: 0) | 302 Found [http://localhost/todos/8]


Processing TodosController#index (for 127.0.0.1 at 2009-07-20 22:13:04) [GET]
  [4;36;1mTodo Load (0.8ms)[0m   [0;1mSELECT * FROM "todos" [0m
Rendering template within layouts/todos
Rendering todos/index
Completed in 21ms (View: 13, DB: 1) | 200 OK [http://localhost/todos]


Processing TodosController#index (for 127.0.0.1 at 2009-07-20 22:24:11) [GET]
  [4;35;1mTodo Load (2.1ms)[0m   [0mSELECT * FROM "todos" [0m
Rendering template within layouts/todos
Rendering todos/index
Completed in 36ms (View: 12, DB: 2) | 200 OK [http://localhost/todos]


Processing TodosController#create to json (for 127.0.0.1 at 2009-07-20 22:24:16) [POST]
  Parameters: {"todo"=>{"title"=>"cool"}}
  [4;36;1mTodo Create (0.2ms)[0m   [0;1mINSERT INTO "todos" ("created_at", "title", "updated_at", "description") VALUES('2009-07-20 16:54:16', 'cool', '2009-07-20 16:54:16', NULL)[0m
Completed in 14ms (View: 0, DB: 0) | 201 Created [http://localhost/todos.json]


Processing TodosController#index (for 127.0.0.1 at 2009-07-20 22:24:20) [GET]
  [4;35;1mTodo Load (0.8ms)[0m   [0mSELECT * FROM "todos" [0m
Rendering template within layouts/todos
Rendering todos/index
Completed in 14ms (View: 8, DB: 1) | 200 OK [http://localhost/todos]


Processing TodosController#create to json (for 127.0.0.1 at 2009-07-20 22:24:33) [POST]
  Parameters: {"todo"=>{"title"=>"wow"}}
  [4;36;1mTodo Create (0.3ms)[0m   [0;1mINSERT INTO "todos" ("created_at", "title", "updated_at", "description") VALUES('2009-07-20 16:54:33', 'wow', '2009-07-20 16:54:33', NULL)[0m
Completed in 13ms (View: 0, DB: 0) | 201 Created [http://localhost/todos.json]


Processing TodosController#create to json (for 127.0.0.1 at 2009-07-20 22:24:40) [POST]
  Parameters: {"todo"=>{"title"=>"this is pretty cool"}}
  [4;35;1mTodo Create (0.6ms)[0m   [0mINSERT INTO "todos" ("created_at", "title", "updated_at", "description") VALUES('2009-07-20 16:54:40', 'this is pretty cool', '2009-07-20 16:54:40', NULL)[0m
Completed in 28ms (View: 1, DB: 1) | 201 Created [http://localhost/todos.json]


Processing TodosController#create to json (for 127.0.0.1 at 2009-07-20 22:24:58) [POST]
  Parameters: {"todo"=>{"title"=>"hoho"}}
  [4;36;1mTodo Create (0.2ms)[0m   [0;1mINSERT INTO "todos" ("created_at", "title", "updated_at", "description") VALUES('2009-07-20 16:54:58', 'hoho', '2009-07-20 16:54:58', NULL)[0m
Completed in 17ms (View: 0, DB: 0) | 201 Created [http://localhost/todos.json]


Processing TodosController#create to json (for 127.0.0.1 at 2009-07-20 22:26:52) [POST]
  Parameters: {"todo"=>{"title"=>"abc"}}
  [4;35;1mTodo Create (0.2ms)[0m   [0mINSERT INTO "todos" ("created_at", "title", "updated_at", "description") VALUES('2009-07-20 16:56:52', 'abc', '2009-07-20 16:56:52', NULL)[0m
Completed in 18ms (View: 0, DB: 0) | 201 Created [http://localhost/todos.json]


Processing TodosController#create to json (for 127.0.0.1 at 2009-07-20 22:36:09) [POST]
  Parameters: {"todo"=>{"title"=>"crap"}}
  [4;36;1mTodo Create (0.6ms)[0m   [0;1mINSERT INTO "todos" ("created_at", "title", "updated_at", "description") VALUES('2009-07-20 17:06:09', 'crap', '2009-07-20 17:06:09', NULL)[0m
Completed in 32ms (View: 1, DB: 1) | 201 Created [http://localhost/todos.json]


Processing TodosController#create to json (for 127.0.0.1 at 2009-07-20 22:38:48) [POST]
  Parameters: {"todo"=>{"title"=>"crap"}}
  [4;35;1mTodo Create (0.2ms)[0m   [0mINSERT INTO "todos" ("created_at", "title", "updated_at", "description") VALUES('2009-07-20 17:08:48', 'crap', '2009-07-20 17:08:48', NULL)[0m
Completed in 21ms (View: 0, DB: 0) | 201 Created [http://localhost/todos.json]


Processing TodosController#index (for 127.0.0.1 at 2009-07-20 22:38:52) [GET]
  [4;36;1mTodo Load (3.3ms)[0m   [0;1mSELECT * FROM "todos" [0m
Rendering template within layouts/todos
Rendering todos/index
Completed in 72ms (View: 13, DB: 3) | 200 OK [http://localhost/todos]


Processing TodosController#create to json (for 127.0.0.1 at 2009-07-20 22:41:13) [POST]
  Parameters: {"todo"=>{"title"=>"doom"}}
  [4;35;1mTodo Create (0.6ms)[0m   [0mINSERT INTO "todos" ("created_at", "title", "updated_at", "description") VALUES('2009-07-20 17:11:13', 'doom', '2009-07-20 17:11:13', NULL)[0m
Completed in 28ms (View: 1, DB: 1) | 201 Created [http://localhost/todos.json]


Processing TodosController#create to json (for 127.0.0.1 at 2009-07-20 22:45:34) [POST]
  Parameters: {"todo"=>{"title"=>"oops"}}
  [4;36;1mTodo Create (0.2ms)[0m   [0;1mINSERT INTO "todos" ("created_at", "title", "updated_at", "description") VALUES('2009-07-20 17:15:34', 'oops', '2009-07-20 17:15:34', NULL)[0m
Completed in 13ms (View: 1, DB: 0) | 201 Created [http://localhost/todos.json]


Processing TodosController#create to json (for 127.0.0.1 at 2009-07-20 22:47:28) [POST]
  Parameters: {"todo"=>{"title"=>"wow"}}
  [4;35;1mTodo Create (0.6ms)[0m   [0mINSERT INTO "todos" ("created_at", "title", "updated_at", "description") VALUES('2009-07-20 17:17:28', 'wow', '2009-07-20 17:17:28', NULL)[0m
Completed in 24ms (View: 0, DB: 1) | 201 Created [http://localhost/todos.json]


Processing TodosController#create to json (for 127.0.0.1 at 2009-07-20 22:47:36) [POST]
  Parameters: {"todo"=>{"title"=>"foo"}}
  [4;36;1mTodo Create (0.6ms)[0m   [0;1mINSERT INTO "todos" ("created_at", "title", "updated_at", "description") VALUES('2009-07-20 17:17:36', 'foo', '2009-07-20 17:17:36', NULL)[0m
Completed in 27ms (View: 1, DB: 1) | 201 Created [http://localhost/todos.json]


Processing TodosController#index (for 127.0.0.1 at 2009-07-20 22:47:39) [GET]
  [4;35;1mTodo Load (4.1ms)[0m   [0mSELECT * FROM "todos" [0m
Rendering template within layouts/todos
Rendering todos/index
Completed in 62ms (View: 43, DB: 4) | 200 OK [http://localhost/todos]


Processing TodosController#destroy (for 127.0.0.1 at 2009-07-20 22:47:43) [DELETE]
  Parameters: {"authenticity_token"=>"oWb2xm6ruUqIm0C4yNZNENATzPRheJq7OrKr69VmRhQ=", "id"=>"1"}
  [4;36;1mTodo Load (0.3ms)[0m   [0;1mSELECT * FROM "todos" WHERE ("todos"."id" = 1) [0m
  [4;35;1mTodo Destroy (0.2ms)[0m   [0mDELETE FROM "todos" WHERE "id" = 1[0m
Redirected to http://localhost:3000/todos
Completed in 11ms (DB: 0) | 302 Found [http://localhost/todos/1]


Processing TodosController#index (for 127.0.0.1 at 2009-07-20 22:47:43) [GET]
  [4;36;1mTodo Load (1.4ms)[0m   [0;1mSELECT * FROM "todos" [0m
Rendering template within layouts/todos
Rendering todos/index
Completed in 72ms (View: 16, DB: 1) | 200 OK [http://localhost/todos]


Processing TodosController#destroy (for 127.0.0.1 at 2009-07-20 22:47:46) [DELETE]
  Parameters: {"authenticity_token"=>"oWb2xm6ruUqIm0C4yNZNENATzPRheJq7OrKr69VmRhQ=", "id"=>"2"}
  [4;35;1mTodo Load (0.5ms)[0m   [0mSELECT * FROM "todos" WHERE ("todos"."id" = 2) [0m
  [4;36;1mTodo Destroy (0.5ms)[0m   [0;1mDELETE FROM "todos" WHERE "id" = 2[0m
Redirected to http://localhost:3000/todos
Completed in 18ms (DB: 1) | 302 Found [http://localhost/todos/2]


Processing TodosController#index (for 127.0.0.1 at 2009-07-20 22:47:46) [GET]
  [4;35;1mTodo Load (1.6ms)[0m   [0mSELECT * FROM "todos" [0m
Rendering template within layouts/todos
Rendering todos/index
Completed in 23ms (View: 15, DB: 2) | 200 OK [http://localhost/todos]


Processing TodosController#destroy (for 127.0.0.1 at 2009-07-20 22:47:48) [DELETE]
  Parameters: {"authenticity_token"=>"oWb2xm6ruUqIm0C4yNZNENATzPRheJq7OrKr69VmRhQ=", "id"=>"3"}
  [4;36;1mTodo Load (0.3ms)[0m   [0;1mSELECT * FROM "todos" WHERE ("todos"."id" = 3) [0m
  [4;35;1mTodo Destroy (0.2ms)[0m   [0mDELETE FROM "todos" WHERE "id" = 3[0m
Redirected to http://localhost:3000/todos
Completed in 17ms (DB: 0) | 302 Found [http://localhost/todos/3]


Processing TodosController#index (for 127.0.0.1 at 2009-07-20 22:47:48) [GET]
  [4;36;1mTodo Load (1.4ms)[0m   [0;1mSELECT * FROM "todos" [0m
Rendering template within layouts/todos
Rendering todos/index
Completed in 21ms (View: 14, DB: 1) | 200 OK [http://localhost/todos]


Processing TodosController#destroy (for 127.0.0.1 at 2009-07-20 22:47:50) [DELETE]
  Parameters: {"authenticity_token"=>"oWb2xm6ruUqIm0C4yNZNENATzPRheJq7OrKr69VmRhQ=", "id"=>"9"}
  [4;35;1mTodo Load (0.7ms)[0m   [0mSELECT * FROM "todos" WHERE ("todos"."id" = 9) [0m
  [4;36;1mTodo Destroy (0.5ms)[0m   [0;1mDELETE FROM "todos" WHERE "id" = 9[0m
Redirected to http://localhost:3000/todos
Completed in 53ms (DB: 1) | 302 Found [http://localhost/todos/9]


Processing TodosController#index (for 127.0.0.1 at 2009-07-20 22:47:50) [GET]
  [4;35;1mTodo Load (1.3ms)[0m   [0mSELECT * FROM "todos" [0m
Rendering template within layouts/todos
Rendering todos/index
Completed in 20ms (View: 13, DB: 1) | 200 OK [http://localhost/todos]


Processing TodosController#destroy (for 127.0.0.1 at 2009-07-20 22:47:51) [DELETE]
  Parameters: {"authenticity_token"=>"oWb2xm6ruUqIm0C4yNZNENATzPRheJq7OrKr69VmRhQ=", "id"=>"10"}
  [4;36;1mTodo Load (0.7ms)[0m   [0;1mSELECT * FROM "todos" WHERE ("todos"."id" = 10) [0m
  [4;35;1mTodo Destroy (0.4ms)[0m   [0mDELETE FROM "todos" WHERE "id" = 10[0m
Redirected to http://localhost:3000/todos
Completed in 35ms (DB: 1) | 302 Found [http://localhost/todos/10]


Processing TodosController#index (for 127.0.0.1 at 2009-07-20 22:47:51) [GET]
  [4;36;1mTodo Load (1.2ms)[0m   [0;1mSELECT * FROM "todos" [0m
Rendering template within layouts/todos
Rendering todos/index
Completed in 19ms (View: 12, DB: 1) | 200 OK [http://localhost/todos]


Processing TodosController#destroy (for 127.0.0.1 at 2009-07-20 22:47:57) [DELETE]
  Parameters: {"authenticity_token"=>"oWb2xm6ruUqIm0C4yNZNENATzPRheJq7OrKr69VmRhQ=", "id"=>"11"}
  [4;35;1mTodo Load (0.7ms)[0m   [0mSELECT * FROM "todos" WHERE ("todos"."id" = 11) [0m
  [4;36;1mTodo Destroy (0.5ms)[0m   [0;1mDELETE FROM "todos" WHERE "id" = 11[0m
Redirected to http://localhost:3000/todos
Completed in 41ms (DB: 1) | 302 Found [http://localhost/todos/11]


Processing TodosController#index (for 127.0.0.1 at 2009-07-20 22:47:57) [GET]
  [4;35;1mTodo Load (1.1ms)[0m   [0mSELECT * FROM "todos" [0m
Rendering template within layouts/todos
Rendering todos/index
Completed in 17ms (View: 11, DB: 1) | 200 OK [http://localhost/todos]


Processing TodosController#destroy (for 127.0.0.1 at 2009-07-20 22:47:58) [DELETE]
  Parameters: {"authenticity_token"=>"oWb2xm6ruUqIm0C4yNZNENATzPRheJq7OrKr69VmRhQ=", "id"=>"12"}
  [4;36;1mTodo Load (0.4ms)[0m   [0;1mSELECT * FROM "todos" WHERE ("todos"."id" = 12) [0m
  [4;35;1mTodo Destroy (0.2ms)[0m   [0mDELETE FROM "todos" WHERE "id" = 12[0m
Redirected to http://localhost:3000/todos
Completed in 40ms (DB: 1) | 302 Found [http://localhost/todos/12]


Processing TodosController#index (for 127.0.0.1 at 2009-07-20 22:47:58) [GET]
  [4;36;1mTodo Load (1.1ms)[0m   [0;1mSELECT * FROM "todos" [0m
Rendering template within layouts/todos
Rendering todos/index
Completed in 18ms (View: 11, DB: 1) | 200 OK [http://localhost/todos]


Processing TodosController#destroy (for 127.0.0.1 at 2009-07-20 22:47:59) [DELETE]
  Parameters: {"authenticity_token"=>"oWb2xm6ruUqIm0C4yNZNENATzPRheJq7OrKr69VmRhQ=", "id"=>"13"}
  [4;35;1mTodo Load (0.7ms)[0m   [0mSELECT * FROM "todos" WHERE ("todos"."id" = 13) [0m
  [4;36;1mTodo Destroy (0.5ms)[0m   [0;1mDELETE FROM "todos" WHERE "id" = 13[0m
Redirected to http://localhost:3000/todos
Completed in 25ms (DB: 1) | 302 Found [http://localhost/todos/13]


Processing TodosController#index (for 127.0.0.1 at 2009-07-20 22:47:59) [GET]
  [4;35;1mTodo Load (1.0ms)[0m   [0mSELECT * FROM "todos" [0m
Rendering template within layouts/todos
Rendering todos/index
Completed in 17ms (View: 10, DB: 1) | 200 OK [http://localhost/todos]


Processing TodosController#destroy (for 127.0.0.1 at 2009-07-20 22:48:01) [DELETE]
  Parameters: {"authenticity_token"=>"oWb2xm6ruUqIm0C4yNZNENATzPRheJq7OrKr69VmRhQ=", "id"=>"14"}
  [4;36;1mTodo Load (0.3ms)[0m   [0;1mSELECT * FROM "todos" WHERE ("todos"."id" = 14) [0m
  [4;35;1mTodo Destroy (0.2ms)[0m   [0mDELETE FROM "todos" WHERE "id" = 14[0m
Redirected to http://localhost:3000/todos
Completed in 32ms (DB: 0) | 302 Found [http://localhost/todos/14]


Processing TodosController#index (for 127.0.0.1 at 2009-07-20 22:48:01) [GET]
  [4;36;1mTodo Load (0.9ms)[0m   [0;1mSELECT * FROM "todos" [0m
Rendering template within layouts/todos
Rendering todos/index
Completed in 16ms (View: 10, DB: 1) | 200 OK [http://localhost/todos]


Processing TodosController#destroy (for 127.0.0.1 at 2009-07-20 22:48:02) [DELETE]
  Parameters: {"authenticity_token"=>"oWb2xm6ruUqIm0C4yNZNENATzPRheJq7OrKr69VmRhQ=", "id"=>"15"}
  [4;35;1mTodo Load (0.7ms)[0m   [0mSELECT * FROM "todos" WHERE ("todos"."id" = 15) [0m
  [4;36;1mTodo Destroy (0.2ms)[0m   [0;1mDELETE FROM "todos" WHERE "id" = 15[0m
Redirected to http://localhost:3000/todos
Completed in 20ms (DB: 1) | 302 Found [http://localhost/todos/15]


Processing TodosController#index (for 127.0.0.1 at 2009-07-20 22:48:02) [GET]
  [4;35;1mTodo Load (0.9ms)[0m   [0mSELECT * FROM "todos" [0m
Rendering template within layouts/todos
Rendering todos/index
Completed in 15ms (View: 9, DB: 1) | 200 OK [http://localhost/todos]


Processing TodosController#destroy (for 127.0.0.1 at 2009-07-20 22:48:03) [DELETE]
  Parameters: {"authenticity_token"=>"oWb2xm6ruUqIm0C4yNZNENATzPRheJq7OrKr69VmRhQ=", "id"=>"16"}
  [4;36;1mTodo Load (0.7ms)[0m   [0;1mSELECT * FROM "todos" WHERE ("todos"."id" = 16) [0m
  [4;35;1mTodo Destroy (0.5ms)[0m   [0mDELETE FROM "todos" WHERE "id" = 16[0m
Redirected to http://localhost:3000/todos
Completed in 30ms (DB: 1) | 302 Found [http://localhost/todos/16]


Processing TodosController#index (for 127.0.0.1 at 2009-07-20 22:48:03) [GET]
  [4;36;1mTodo Load (0.7ms)[0m   [0;1mSELECT * FROM "todos" [0m
Rendering template within layouts/todos
Rendering todos/index
Completed in 74ms (View: 62, DB: 1) | 200 OK [http://localhost/todos]


Processing TodosController#destroy (for 127.0.0.1 at 2009-07-20 22:48:05) [DELETE]
  Parameters: {"authenticity_token"=>"oWb2xm6ruUqIm0C4yNZNENATzPRheJq7OrKr69VmRhQ=", "id"=>"17"}
  [4;35;1mTodo Load (0.7ms)[0m   [0mSELECT * FROM "todos" WHERE ("todos"."id" = 17) [0m
  [4;36;1mTodo Destroy (0.5ms)[0m   [0;1mDELETE FROM "todos" WHERE "id" = 17[0m
Redirected to http://localhost:3000/todos
Completed in 52ms (DB: 1) | 302 Found [http://localhost/todos/17]


Processing TodosController#index (for 127.0.0.1 at 2009-07-20 22:48:05) [GET]
  [4;35;1mTodo Load (0.8ms)[0m   [0mSELECT * FROM "todos" [0m
Rendering template within layouts/todos
Rendering todos/index
Completed in 13ms (View: 7, DB: 1) | 200 OK [http://localhost/todos]


Processing TodosController#destroy (for 127.0.0.1 at 2009-07-20 22:48:06) [DELETE]
  Parameters: {"authenticity_token"=>"oWb2xm6ruUqIm0C4yNZNENATzPRheJq7OrKr69VmRhQ=", "id"=>"18"}
  [4;36;1mTodo Load (0.2ms)[0m   [0;1mSELECT * FROM "todos" WHERE ("todos"."id" = 18) [0m
  [4;35;1mTodo Destroy (0.2ms)[0m   [0mDELETE FROM "todos" WHERE "id" = 18[0m
Redirected to http://localhost:3000/todos
Completed in 56ms (DB: 0) | 302 Found [http://localhost/todos/18]


Processing TodosController#index (for 127.0.0.1 at 2009-07-20 22:48:06) [GET]
  [4;36;1mTodo Load (0.7ms)[0m   [0;1mSELECT * FROM "todos" [0m
Rendering template within layouts/todos
Rendering todos/index
Completed in 12ms (View: 5, DB: 1) | 200 OK [http://localhost/todos]


Processing TodosController#destroy (for 127.0.0.1 at 2009-07-20 22:48:07) [DELETE]
  Parameters: {"authenticity_token"=>"oWb2xm6ruUqIm0C4yNZNENATzPRheJq7OrKr69VmRhQ=", "id"=>"19"}
  [4;35;1mTodo Load (0.4ms)[0m   [0mSELECT * FROM "todos" WHERE ("todos"."id" = 19) [0m
  [4;36;1mTodo Destroy (0.2ms)[0m   [0;1mDELETE FROM "todos" WHERE "id" = 19[0m
Redirected to http://localhost:3000/todos
Completed in 15ms (DB: 1) | 302 Found [http://localhost/todos/19]


Processing TodosController#index (for 127.0.0.1 at 2009-07-20 22:48:07) [GET]
  [4;35;1mTodo Load (0.6ms)[0m   [0mSELECT * FROM "todos" [0m
Rendering template within layouts/todos
Rendering todos/index
Completed in 11ms (View: 5, DB: 1) | 200 OK [http://localhost/todos]


Processing TodosController#destroy (for 127.0.0.1 at 2009-07-20 22:48:09) [DELETE]
  Parameters: {"authenticity_token"=>"oWb2xm6ruUqIm0C4yNZNENATzPRheJq7OrKr69VmRhQ=", "id"=>"20"}
  [4;36;1mTodo Load (0.3ms)[0m   [0;1mSELECT * FROM "todos" WHERE ("todos"."id" = 20) [0m
  [4;35;1mTodo Destroy (0.2ms)[0m   [0mDELETE FROM "todos" WHERE "id" = 20[0m
Redirected to http://localhost:3000/todos
Completed in 18ms (DB: 0) | 302 Found [http://localhost/todos/20]


Processing TodosController#index (for 127.0.0.1 at 2009-07-20 22:48:09) [GET]
  [4;36;1mTodo Load (0.5ms)[0m   [0;1mSELECT * FROM "todos" [0m
Rendering template within layouts/todos
Rendering todos/index
Completed in 10ms (View: 4, DB: 1) | 200 OK [http://localhost/todos]


Processing TodosController#destroy (for 127.0.0.1 at 2009-07-20 22:48:10) [DELETE]
  Parameters: {"authenticity_token"=>"oWb2xm6ruUqIm0C4yNZNENATzPRheJq7OrKr69VmRhQ=", "id"=>"21"}
  [4;35;1mTodo Load (0.3ms)[0m   [0mSELECT * FROM "todos" WHERE ("todos"."id" = 21) [0m
  [4;36;1mTodo Destroy (0.2ms)[0m   [0;1mDELETE FROM "todos" WHERE "id" = 21[0m
Redirected to http://localhost:3000/todos
Completed in 11ms (DB: 0) | 302 Found [http://localhost/todos/21]


Processing TodosController#index (for 127.0.0.1 at 2009-07-20 22:48:10) [GET]
  [4;35;1mTodo Load (0.4ms)[0m   [0mSELECT * FROM "todos" [0m
Rendering template within layouts/todos
Rendering todos/index
Completed in 16ms (View: 1, DB: 0) | 200 OK [http://localhost/todos]
